[debug] [2026-01-28T13:24:50.103Z] ----------------------------------------------------------------------
[debug] [2026-01-28T13:24:50.109Z] Command:       D:\node js\node.exe C:\Users\shriv\AppData\Roaming\npm\node_modules\firebase-tools\lib\bin\firebase.js use --add
[debug] [2026-01-28T13:24:50.110Z] CLI Version:   15.4.0
[debug] [2026-01-28T13:24:50.110Z] Platform:      win32
[debug] [2026-01-28T13:24:50.111Z] Node Version:  v22.13.1
[debug] [2026-01-28T13:24:50.111Z] Time:          Wed Jan 28 2026 18:54:50 GMT+0530 (India Standard Time)
[debug] [2026-01-28T13:24:50.112Z] ----------------------------------------------------------------------
[debug] 
[debug] [2026-01-28T13:24:50.785Z] > command requires scopes: ["email","openid","https://www.googleapis.com/auth/cloudplatformprojects.readonly","https://www.googleapis.com/auth/firebase","https://www.googleapis.com/auth/cloud-platform"]
[debug] [2026-01-28T13:24:50.786Z] > authorizing via signed-in user (shrivastavaharsh003@gmail.com)
[debug] [2026-01-28T13:24:50.789Z] Checked if tokens are valid: false, expires at: 1739257573037
[debug] [2026-01-28T13:24:50.790Z] Checked if tokens are valid: false, expires at: 1739257573037
[debug] [2026-01-28T13:24:50.790Z] > refreshing access token with scopes: []
[debug] [2026-01-28T13:24:50.794Z] >>> [apiv2][query] POST https://www.googleapis.com/oauth2/v3/token [none]
[debug] [2026-01-28T13:24:50.795Z] >>> [apiv2][body] POST https://www.googleapis.com/oauth2/v3/token [omitted]
[debug] [2026-01-28T13:24:51.554Z] <<< [apiv2][status] POST https://www.googleapis.com/oauth2/v3/token 400
[debug] [2026-01-28T13:24:51.555Z] <<< [apiv2][body] POST https://www.googleapis.com/oauth2/v3/token [omitted]
[debug] [2026-01-28T13:24:51.558Z] >>> [apiv2][query] GET https://firebase.googleapis.com/v1beta1/projects pageSize=1000
[debug] [2026-01-28T13:24:52.137Z] <<< [apiv2][status] GET https://firebase.googleapis.com/v1beta1/projects 401
[debug] [2026-01-28T13:24:52.137Z] <<< [apiv2][body] GET https://firebase.googleapis.com/v1beta1/projects [omitted]
[debug] [2026-01-28T13:24:52.137Z] Got a 401 Unauthenticated error for a call that required authentication. Refreshing tokens.
[debug] [2026-01-28T13:24:52.137Z] Checked if tokens are valid: false, expires at: 1739257573037
[debug] [2026-01-28T13:24:52.137Z] Checked if tokens are valid: false, expires at: 1739257573037
[debug] [2026-01-28T13:24:52.138Z] > refreshing access token with scopes: []
[debug] [2026-01-28T13:24:52.138Z] >>> [apiv2][query] POST https://www.googleapis.com/oauth2/v3/token [none]
[debug] [2026-01-28T13:24:52.138Z] >>> [apiv2][body] POST https://www.googleapis.com/oauth2/v3/token [omitted]
[debug] [2026-01-28T13:24:52.273Z] <<< [apiv2][status] POST https://www.googleapis.com/oauth2/v3/token 400
[debug] [2026-01-28T13:24:52.273Z] <<< [apiv2][body] POST https://www.googleapis.com/oauth2/v3/token [omitted]
[debug] [2026-01-28T13:24:52.276Z] Request to https://firebase.googleapis.com/v1beta1/projects?pageSize=1000 had HTTP Error: 401, Request had invalid authentication credentials. Expected OAuth 2 access token, login cookie or other valid authentication credential. See https://developers.google.com/identity/sign-in/web/devconsole-project.
[debug] [2026-01-28T13:24:52.278Z] FirebaseError: Request to https://firebase.googleapis.com/v1beta1/projects?pageSize=1000 had HTTP Error: 401, Request had invalid authentication credentials. Expected OAuth 2 access token, login cookie or other valid authentication credential. See https://developers.google.com/identity/sign-in/web/devconsole-project.
    at responseToError (C:\Users\shriv\AppData\Roaming\npm\node_modules\firebase-tools\lib\responseToError.js:53:12)
    at RetryOperation._fn (C:\Users\shriv\AppData\Roaming\npm\node_modules\firebase-tools\lib\apiv2.js:325:77)
    at process.processTicksAndRejections (node:internal/process/task_queues:105:5)
[error] 
[error] Error: Failed to list Firebase projects. See firebase-debug.log for more info.
